React Doctor v0.2.16

  

  Accessibility › 14 warnings
  Bugs › 23 warnings
  Maintainability › 35 warnings

  72 issues

  ⚠ Bugs: Page missing metadata ×4
    Learn more: https://www.react.doctor/docs/rules/react-doctor/nextjs-missing-metadata
    → Add `export const metadata = { title: '...', description:
    '...' }` or `export async function generateMetadata()`

    src/app/page.tsx:1
    ┌──────────────────────────────────────────────────────────────┐
    │ > 1 | import { redirect } from 'next/navigation';            │
    │     | ^                                                      │
    │   2 |                                                        │
    └──────────────────────────────────────────────────────────────┘

    src/app/login/page.tsx:1
    ┌──────────────────────────────────────────────────────────────┐
    │ > 1 | "use client";                                          │
    │     | ^                                                      │
    │   2 |                                                        │
    └──────────────────────────────────────────────────────────────┘

    src/app/teachers/page.tsx:1
    ┌──────────────────────────────────────────────────────────────┐
    │ > 1 | import React from "react";                             │
    │     | ^                                                      │
    │   2 | import Image from "next/image";                        │
    └──────────────────────────────────────────────────────────────┘

    src/app/schedule/page.tsx:1
    ┌──────────────────────────────────────────────────────────────┐
    │ > 1 | "use client";                                          │
    │     | ^                                                      │
    │   2 |                                                        │
    └──────────────────────────────────────────────────────────────┘

  ⚠ Accessibility: Control missing accessible label ×3
    Learn more: https://www.react.doctor/docs/rules/react-doctor/control-has-associated-label
    → Give every interactive control a label screen readers can
    read.

    src/app/login/page.tsx:54
    ┌──────────────────────────────────────────────────────────────┐
    │   53 |             <div className="relative">                │
    │ > 54 |               <input                                  │
    │      |               ^                                       │
    │   55 |                 type="text"                           │
    └──────────────────────────────────────────────────────────────┘

    src/app/login/page.tsx:65
    ┌──────────────────────────────────────────────────────────────┐
    │   64 |             <div className="relative">                │
    │ > 65 |               <input                                  │
    │      |               ^                                       │
    │   66 |                 type={showPassword ? "text" : "passw[0m… │
    └──────────────────────────────────────────────────────────────┘

    src/components/layout/Header.tsx:21
    ┌──────────────────────────────────────────────────────────────┐
    │   20 |           <span className="material-symbols-outlined[0m… │
    │ > 21 |           <input                                      │
    │      |           ^                                           │
    │   22 |             className="w-full pl-10 pr-4 py-1.5 bg-b[0m… │
    └──────────────────────────────────────────────────────────────┘

  ⚠ Bugs: Image fill missing sizes
    Learn more: https://www.react.doctor/docs/rules/react-doctor/nextjs-image-missing-sizes
    → Add sizes for responsive behavior: `sizes="(max-width:
    768px) 100vw, 50vw"` matching your layout breakpoints

    src/app/teachers/page.tsx:15
    ┌──────────────────────────────────────────────────────────────┐
    │   14 |           <div className="w-32 h-32 md:w-40 md:h-40 [0m… │
    │ > 15 |             <Image                                    │
    │      |             ^                                         │
    │   16 |               alt="TS. Sarah Jenkins"                 │
    └──────────────────────────────────────────────────────────────┘

  ⚠ Accessibility: Anchor used as a button
    Learn more: https://www.react.doctor/docs/rules/react-doctor/anchor-is-valid
    → Give links a real destination. Use `<button>` for in-page
    actions.

    src/app/dashboard/page.tsx:185
    ┌──────────────────────────────────────────────────────────────┐
    │   184 |             <h3 className="font-headline-md text-he[0m… │
    │ > 185 |             <a className="font-nav-link text-nav-li[0m… │
    │       |              ^                                       │
    │   186 |           </div>                                     │
    └──────────────────────────────────────────────────────────────┘

  ⚠ Accessibility: Interaction on static element ×4
    Learn more: https://www.react.doctor/docs/rules/react-doctor/no-static-element-interactions
    → Give clickable static elements a `role`, or use a button
    or link.

    src/components/layout/DashboardLayout.tsx:14
    ┌──────────────────────────────────────────────────────────────┐
    │   13 |       {isSidebarOpen && (                             │
    │ > 14 |         <div                                          │
    │      |          ^                                            │
    │   15 |           className="fixed inset-0 bg-black/50 z-40 [0m… │
    └──────────────────────────────────────────────────────────────┘

    src/app/login/page.tsx:83
    ┌──────────────────────────────────────────────────────────────┐
    │   82 |           <div className="flex items-center space-x-[0m… │
    │ > 83 |             <div                                      │
    │      |              ^                                        │
    │   84 |               className={`w-5 h-5 border rounded fle[0m… │
    └──────────────────────────────────────────────────────────────┘

    src/app/schedule/page.tsx:97
    ┌──────────────────────────────────────────────────────────────┐
    │   96 |               {/* Wed 10-12: ONGOING (LIVE) */}       │
    │ > 97 |               <div                                    │
    │      |                ^                                      │
    │   98 |                 className="m-1 rounded-lg border-2 b[0m… │
    └──────────────────────────────────────────────────────────────┘

    src/app/schedule/page.tsx:145
    ┌──────────────────────────────────────────────────────────────┐
    │   144 |         <div className="fixed inset-0 z-[100] flex [0m… │
    │ > 145 |           <div className="absolute inset-0 bg-black[0m… │
    │       |            ^                                         │
    │   146 |           <div className="relative bg-surface-white[0m… │
    └──────────────────────────────────────────────────────────────┘

  ⚠ Bugs: Button missing explicit type ×17
    Learn more: https://www.react.doctor/docs/rules/react-doctor/button-has-type
    → Always set a `type` on a `<button>`: `type="button"`,
    `"submit"`, or `"reset"`.

    src/app/login/page.tsx:27

    src/components/layout/Header.tsx:12
    ┌──────────────────────────────────────────────────────────────┐
    │   11 |       <div className="flex items-center gap-2 lg:gap[0m… │
    │ > 12 |         <button                                       │
    │      |          ^                                            │
    │   13 |           className="lg:hidden p-2 -ml-2 text-on-sur[0m… │
    └──────────────────────────────────────────────────────────────┘

    src/components/layout/Header.tsx:31-34
    ┌──────────────────────────────────────────────────────────────┐
    │   30 |         <div className="flex items-center gap-1 lg:g[0m… │
    │ > 31 |           <button className="hover:text-primary tran[0m… │
    │ > 32 |             <span className="material-symbols-outlin[0m… │
    │ > 33 |           </button>                                   │
    │ > 34 |           <button className="hover:text-primary tran[0m… │
    │   35 |             <span className="material-symbols-outlin[0m… │
    └──────────────────────────────────────────────────────────────┘

    src/components/layout/Header.tsx:38
    ┌──────────────────────────────────────────────────────────────┐
    │   37 |           </button>                                   │
    │ > 38 |           <button className="hover:text-primary tran[0m… │
    │      |            ^                                          │
    │   39 |             <span className="material-symbols-outlin[0m… │
    └──────────────────────────────────────────────────────────────┘

    src/components/layout/Sidebar.tsx:38
    ┌──────────────────────────────────────────────────────────────┐
    │   37 |         </div>                                        │
    │ > 38 |         <button                                       │
    │      |          ^                                            │
    │   39 |           className="lg:hidden p-1 text-on-surface-v[0m… │
    └──────────────────────────────────────────────────────────────┘

    src/app/teachers/page.tsx:26
    ┌──────────────────────────────────────────────────────────────┐
    │   25 |             <div className="flex flex-wrap justify-c[0m… │
    │ > 26 |               <button className="text-white font-sem[0m… │
    │      |                ^                                      │
    │   27 |                 <span className="material-symbols-ou[0m… │
    └──────────────────────────────────────────────────────────────┘

    src/app/teachers/page.tsx:30
    ┌──────────────────────────────────────────────────────────────┐
    │   29 |               </button>                               │
    │ > 30 |               <button className="border border-[#385[0m… │
    │      |                ^                                      │
    │   31 |                 <span className="material-symbols-ou[0m… │
    └──────────────────────────────────────────────────────────────┘

    src/app/dashboard/page.tsx:25
    ┌──────────────────────────────────────────────────────────────┐
    │   24 |             </div>                                    │
    │ > 25 |             <button className="bg-primary-container [0m… │
    │      |              ^                                        │
    │   26 |               Xuất báo cáo                            │
    └──────────────────────────────────────────────────────────────┘

    src/app/dashboard/page.tsx:144
    ┌──────────────────────────────────────────────────────────────┐
    │   143 |               <h3 className="font-headline-md text-[0m… │
    │ > 144 |               <button className="text-primary hover[0m… │
    │       |                ^                                     │
    │   145 |                 <span className="material-symbols-o[0m… │
    └──────────────────────────────────────────────────────────────┘

    src/app/dashboard/page.tsx:219
    ┌──────────────────────────────────────────────────────────────┐
    │   218 |                   <td className="py-3 px-lg text-ri[0m… │
    │ > 219 |                     <button className="text-outline[0m… │
    │       |                      ^                               │
    │   220 |                       <span className="material-sym[0m… │
    └──────────────────────────────────────────────────────────────┘

    src/app/dashboard/page.tsx:244
    ┌──────────────────────────────────────────────────────────────┐
    │   243 |                   <td className="py-3 px-lg text-ri[0m… │
    │ > 244 |                     <button className="text-outline[0m… │
    │       |                      ^                               │
    │   245 |                       <span className="material-sym[0m… │
    └──────────────────────────────────────────────────────────────┘

    src/app/dashboard/page.tsx:269
    ┌──────────────────────────────────────────────────────────────┐
    │   268 |                   <td className="py-3 px-lg text-ri[0m… │
    │ > 269 |                     <button className="text-outline[0m… │
    │       |                      ^                               │
    │   270 |                       <span className="material-sym[0m… │
    └──────────────────────────────────────────────────────────────┘

    src/app/schedule/page.tsx:18

    src/app/schedule/page.tsx:22

    src/app/schedule/page.tsx:158

    src/app/schedule/page.tsx:237
    ┌──────────────────────────────────────────────────────────────┐
    │   236 |             <div className="px-lg py-md bg-surface-[0m… │
    │ > 237 |               <button className="px-6 py-2.5 bg-pri[0m… │
    │       |                ^                                     │
    │   238 |                 <span className="material-symbols-o[0m… │
    └──────────────────────────────────────────────────────────────┘

  ⚠ Accessibility: Click handler missing keyboard handler ×5
    Learn more: https://www.react.doctor/docs/rules/react-doctor/click-events-have-key-events
    → Pair `onClick` with a key handler so keyboard users can
    trigger it.

    src/components/layout/DashboardLayout.tsx:14
    ┌──────────────────────────────────────────────────────────────┐
    │   13 |       {isSidebarOpen && (                             │
    │ > 14 |         <div                                          │
    │      |          ^                                            │
    │   15 |           className="fixed inset-0 bg-black/50 z-40 [0m… │
    └──────────────────────────────────────────────────────────────┘

    src/app/login/page.tsx:83
    ┌──────────────────────────────────────────────────────────────┐
    │   82 |           <div className="flex items-center space-x-[0m… │
    │ > 83 |             <div                                      │
    │      |              ^                                        │
    │   84 |               className={`w-5 h-5 border rounded fle[0m… │
    └──────────────────────────────────────────────────────────────┘

    src/app/login/page.tsx:95
    ┌──────────────────────────────────────────────────────────────┐
    │   94 |             </div>                                    │
    │ > 95 |             <label                                    │
    │      |              ^                                        │
    │   96 |               htmlFor="remember"                      │
    └──────────────────────────────────────────────────────────────┘

    src/app/schedule/page.tsx:97
    ┌──────────────────────────────────────────────────────────────┐
    │   96 |               {/* Wed 10-12: ONGOING (LIVE) */}       │
    │ > 97 |               <div                                    │
    │      |                ^                                      │
    │   98 |                 className="m-1 rounded-lg border-2 b[0m… │
    └──────────────────────────────────────────────────────────────┘

    src/app/schedule/page.tsx:145
    ┌──────────────────────────────────────────────────────────────┐
    │   144 |         <div className="fixed inset-0 z-[100] flex [0m… │
    │ > 145 |           <div className="absolute inset-0 bg-black[0m… │
    │       |            ^                                         │
    │   146 |           <div className="relative bg-surface-white[0m… │
    └──────────────────────────────────────────────────────────────┘

  ⚠ Accessibility: Handler on non-interactive element
    Learn more: https://www.react.doctor/docs/rules/react-doctor/no-noninteractive-element-interactions
    → Put interactions on a button or link, or add an
    interactive role.

    src/app/login/page.tsx:95
    ┌──────────────────────────────────────────────────────────────┐
    │   94 |             </div>                                    │
    │ > 95 |             <label                                    │
    │      |              ^                                        │
    │   96 |               htmlFor="remember"                      │
    └──────────────────────────────────────────────────────────────┘

  ⚠ Bugs: Google Fonts loaded via link
    Learn more: https://www.react.doctor/docs/rules/react-doctor/nextjs-no-font-link
    → `import { Inter } from "next/font/google"` for
    self-hosting, zero layout shift, and no render-blocking
    requests

    src/app/layout.tsx:28
    ┌──────────────────────────────────────────────────────────────┐
    │   27 |       <head>                                          │
    │ > 28 |         <link href="https://fonts.googleapis.com/css[0m… │
    │      |         ^                                             │
    │   29 |       </head>                                         │
    └──────────────────────────────────────────────────────────────┘

  ⚠ Maintainability: space-* utility on flex children ×2
    Learn more: https://www.react.doctor/docs/rules/react-doctor/design-no-space-on-flex-children
    → Use `gap-*` on the flex or grid parent. `space-x-*` and
    `space-y-*` leave gaps when a child is hidden, miss spacing
    on wrapped lines, and don't flip in right-to-left layouts.

    src/app/login/page.tsx:27

    src/app/login/page.tsx:82
    ┌──────────────────────────────────────────────────────────────┐
    │   81 |           {/* Remember Me */}                         │
    │ > 82 |           <div className="flex items-center space-x-[0m… │
    │      |                ^                                      │
    │   83 |             <div                                      │
    └──────────────────────────────────────────────────────────────┘

  ⚠ Maintainability: Redundant width and height axes ×31
    Learn more: https://www.react.doctor/docs/rules/react-doctor/design-no-redundant-size-axes
    → Collapse `w-N h-N` to `size-N` (Tailwind v3.4+) when both
    sides match.

    src/app/login/page.tsx:29-33
    ┌──────────────────────────────────────────────────────────────┐
    │   28 |           {/* Microsoft Logo */}                      │
    │ > 29 |           <div className="grid grid-cols-2 gap-0.5 w[0m… │
    │ > 30 |             <div className="bg-[#F25022] w-2 h-2"></[0m… │
    │ > 31 |             <div className="bg-[#7FBA00] w-2 h-2"></[0m… │
    │ > 32 |             <div className="bg-[#00A4EF] w-2 h-2"></[0m… │
    │ > 33 |             <div className="bg-[#FFB900] w-2 h-2"></[0m… │
    │   34 |           </div>                                      │
    └──────────────────────────────────────────────────────────────┘

    src/app/login/page.tsx:90
    ┌──────────────────────────────────────────────────────────────┐
    │   89 |               {rememberMe && (                        │
    │ > 90 |                 <svg className="w-3 h-3 fill-current[0m… │
    │      |                      ^                                │
    │   91 |                   <path d="M0 11l2-2 5 5L18 3l2 2L7 [0m… │
    └──────────────────────────────────────────────────────────────┘

    src/components/layout/Header.tsx:36
    ┌──────────────────────────────────────────────────────────────┐
    │   35 |             <span className="material-symbols-outlin[0m… │
    │ > 36 |             <span className="absolute top-1 right-1 [0m… │
    │      |                   ^                                   │
    │   37 |           </button>                                   │
    └──────────────────────────────────────────────────────────────┘

    src/components/layout/Header.tsx:44
    ┌──────────────────────────────────────────────────────────────┐
    │   43 |         <div className="flex items-center gap-xs cur[0m… │
    │ > 44 |           <div className="w-8 h-8 rounded-full borde[0m… │
    │      |                ^                                      │
    │   45 |             <Image                                    │
    └──────────────────────────────────────────────────────────────┘

    src/components/layout/Sidebar.tsx:33
    ┌──────────────────────────────────────────────────────────────┐
    │   32 |         <div className="flex items-center gap-2">     │
    │ > 33 |           <div className="w-8 h-8 bg-primary-contain[0m… │
    │      |                ^                                      │
    │   34 |             <span className="material-symbols-outlin[0m… │
    └──────────────────────────────────────────────────────────────┘

    src/app/teachers/page.tsx:12
    ┌──────────────────────────────────────────────────────────────┐
    │   11 |           {/* Decorative background elements */}      │
    │ > 12 |           <div className="absolute top-0 right-0 w-6[0m… │
    │      |                ^                                      │
    │   13 |                                                       │
    └──────────────────────────────────────────────────────────────┘

    src/app/teachers/page.tsx:90
    ┌──────────────────────────────────────────────────────────────┐
    │   89 |               {/* Circular Progress */}               │
    │ > 90 |               <div className="relative w-32 h-32 shr[0m… │
    │      |                    ^                                  │
    │   91 |                 <svg className="w-full h-full transf[0m… │
    └──────────────────────────────────────────────────────────────┘

    src/app/teachers/page.tsx:111

    src/app/teachers/page.tsx:120

    src/app/teachers/page.tsx:139-140
    ┌──────────────────────────────────────────────────────────────┐
    │   138 |                   <li className="flex items-start g[0m… │
    │ > 139 |                     <div className="w-6 h-6 rounded[0m… │
    │ > 140 |                       <div className="w-2 h-2 round[0m… │
    │   141 |                     </div>                           │
    └──────────────────────────────────────────────────────────────┘

    src/app/teachers/page.tsx:148
    ┌──────────────────────────────────────────────────────────────┐
    │   147 |                   <li className="flex items-start g[0m… │
    │ > 148 |                     <div className="w-6 h-6 rounded[0m… │
    │       |                          ^                           │
    │   149 |                     <div>                            │
    └──────────────────────────────────────────────────────────────┘

    src/app/teachers/page.tsx:155
    ┌──────────────────────────────────────────────────────────────┐
    │   154 |                   <li className="flex items-start g[0m… │
    │ > 155 |                     <div className="w-6 h-6 rounded[0m… │
    │       |                          ^                           │
    │   156 |                     <div>                            │
    └──────────────────────────────────────────────────────────────┘

    src/app/dashboard/page.tsx:37
    ┌──────────────────────────────────────────────────────────────┐
    │   36 |               <h2 className="font-headline-sm text-h[0m… │
    │ > 37 |               <div className="w-10 h-10 rounded-full[0m… │
    │      |                    ^                                  │
    │   38 |                 <span className="material-symbols-ou[0m… │
    └──────────────────────────────────────────────────────────────┘

    src/app/dashboard/page.tsx:54
    ┌──────────────────────────────────────────────────────────────┐
    │   53 |               <h2 className="font-headline-sm text-h[0m… │
    │ > 54 |               <div className="w-10 h-10 rounded-full[0m… │
    │      |                    ^                                  │
    │   55 |                 <span className="material-symbols-ou[0m… │
    └──────────────────────────────────────────────────────────────┘

    src/app/dashboard/page.tsx:71
    ┌──────────────────────────────────────────────────────────────┐
    │   70 |               <h2 className="font-headline-sm text-h[0m… │
    │ > 71 |               <div className="w-10 h-10 rounded-full[0m… │
    │      |                    ^                                  │
    │   72 |                 <span className="material-symbols-ou[0m… │
    └──────────────────────────────────────────────────────────────┘

    src/app/dashboard/page.tsx:91
    ┌──────────────────────────────────────────────────────────────┐
    │   90 |               <h2 className="font-headline-sm text-h[0m… │
    │ > 91 |               <div className="w-10 h-10 rounded-full[0m… │
    │      |                    ^                                  │
    │   92 |                 <span className="material-symbols-ou[0m… │
    └──────────────────────────────────────────────────────────────┘

    src/app/dashboard/page.tsx:202
    ┌──────────────────────────────────────────────────────────────┐
    │   201 |                     <div className="flex items-cent[0m… │
    │ > 202 |                       <div className="w-10 h-10 rou[0m… │
    │       |                            ^                         │
    │   203 |                         <Image alt="Sarah Jenkins" [0m… │
    └──────────────────────────────────────────────────────────────┘

    src/app/dashboard/page.tsx:227
    ┌──────────────────────────────────────────────────────────────┐
    │   226 |                     <div className="flex items-cent[0m… │
    │ > 227 |                       <div className="w-10 h-10 rou[0m… │
    │       |                            ^                         │
    │   228 |                         <Image alt="Michael Chen" c[0m… │
    └──────────────────────────────────────────────────────────────┘

    src/app/dashboard/page.tsx:252
    ┌──────────────────────────────────────────────────────────────┐
    │   251 |                     <div className="flex items-cent[0m… │
    │ > 252 |                       <div className="w-10 h-10 rou[0m… │
    │       |                            ^                         │
    │   253 |                         <Image alt="Emily Davis" cl[0m… │
    └──────────────────────────────────────────────────────────────┘

    src/app/schedule/page.tsx:73
    ┌──────────────────────────────────────────────────────────────┐
    │   72 |               <div className="absolute border-t-2 bo[0m… │
    │ > 73 |                 <div className="absolute -left-2 -to[0m… │
    │      |                      ^                                │
    │   74 |               </div>                                  │
    └──────────────────────────────────────────────────────────────┘

    src/app/schedule/page.tsx:105
    ┌──────────────────────────────────────────────────────────────┐
    │   104 |                   <span className="bg-error-red tex[0m… │
    │ > 105 |                     <span className="w-1.5 h-1.5 bg[0m… │
    │       |                           ^                          │
    │   106 |                   </span>                            │
    └──────────────────────────────────────────────────────────────┘

    src/app/schedule/page.tsx:155-158
    ┌──────────────────────────────────────────────────────────────┐
    │   154 |                 <span className="bg-error-red text-[0m… │
    │ > 155 |                   <span className="w-2 h-2 bg-white[0m… │
    │ > 156 |                 </span>                              │
    │ > 157 |               </div>                                 │
    │ > 158 |               <button onClick={() => setIsModalOpen[0m… │
    │   159 |                 <span className="material-symbols-o[0m… │
    └──────────────────────────────────────────────────────────────┘

    src/app/schedule/page.tsx:170-173
    ┌──────────────────────────────────────────────────────────────┐
    │   169 |                   {/* AI Overlays */}                │
    │ > 170 |                   <div className="absolute top-[30%[0m… │
    │ > 171 |                     <div className="bg-success-gree[0m… │
    │ > 172 |                   </div>                             │
    │ > 173 |                   <div className="absolute top-[50%[0m… │
    │   174 |                     <div className="bg-error text-o[0m… │
    └──────────────────────────────────────────────────────────────┘

    src/app/schedule/page.tsx:180
    ┌──────────────────────────────────────────────────────────────┐
    │   179 |                   <div className="absolute bottom-3[0m… │
    │ > 180 |                     <span className="w-2 h-2 bg-whi[0m… │
    │       |                           ^                          │
    │   181 |                   </div>                             │
    └──────────────────────────────────────────────────────────────┘

  ⚠ Maintainability: Thick one-sided border ×2
    Learn more: https://www.react.doctor/docs/rules/react-doctor/no-side-tab-border
    → Use a softer accent like an inset box-shadow, a
    background, or a thin border-bottom instead of a thick
    one-sided border.

    src/app/schedule/page.tsx:222
    ┌──────────────────────────────────────────────────────────────┐
    │   221 |                   <div className="flex flex-col gap[0m… │
    │ > 222 |                     <div className="bg-surface-whit[0m… │
    │       |                     ^                                │
    │   223 |                       <p className="font-body-sm te[0m… │
    └──────────────────────────────────────────────────────────────┘

    src/app/schedule/page.tsx:226
    ┌──────────────────────────────────────────────────────────────┐
    │   225 |                     </div>                           │
    │ > 226 |                     <div className="bg-surface-whit[0m… │
    │       |                     ^                                │
    │   227 |                       <p className="font-body-sm te[0m… │
    └──────────────────────────────────────────────────────────────┘

  ┌─────┐  94 / 100 Great
  │ ◠ ◠ │  ███████████████████████████████████████████████░░░
  │  ▽  │  React Doctor (https://react.doctor)
  └─────┘

  Full diagnostics written to /var/folders/hg/33rn1fxj4c7173c_d_7q_qmw0000gn/T/react-doctor-ac4be4c3-5c09-4288-b13d-20d2a6f9bddb

  ────────────────────────────────────────────────────────────

  Share: https://react.doctor/share?p=cmc-datn-fe&s=94&w=72&f=9
  Tell others how you did on socials

  Docs: https://www.react.doctor/docs
  Learn more about fixing issues, setting up CI/CD, and configuring rules with a config file

  GitHub: https://github.com/millionco/react-doctor
  Report issues and star the repository!

